# JRE version: OpenJDK Runtime Environment (11.0.29+7) (build 11.0.29+7-post-Ubuntu-1ubuntu124.04)
# Java VM: OpenJDK 64-Bit Server VM (11.0.29+7-post-Ubuntu-1ubuntu124.04, mixed mode, sharing, tiered, compressed oops, g1 gc, linux-amd64)
Heap:
 garbage-first heap   total 283648K, used 80462K [0x00000000c0000000, 0x0000000100000000)
  region size 1024K, 2 young (2048K), 0 survivors (0K)
 Metaspace       used 11420K, capacity 13050K, committed 13440K, reserved 1060864K
  class space    used 1736K, capacity 2069K, committed 2176K, reserved 1048576K
GC Heap History (20 events):
Event: 596.632 GC heap before
{Heap before GC invocations=2715 (full 4):
 garbage-first heap   total 391168K, used 322933K [0x00000000c0000000, 0x0000000100000000)
  region size 1024K, 229 young (234496K), 1 survivors (1024K)
 Metaspace       used 11417K, capacity 13050K, committed 13440K, reserved 1060864K
  class space    used 1735K, capacity 2069K, committed 2176K, reserved 1048576K
}
Event: 596.633 GC heap after
{Heap after GC invocations=2716 (full 4):
 garbage-first heap   total 391168K, used 89475K [0x00000000c0000000, 0x0000000100000000)
  region size 1024K, 1 young (1024K), 1 survivors (1024K)
 Metaspace       used 11417K, capacity 13050K, committed 13440K, reserved 1060864K
  class space    used 1735K, capacity 2069K, committed 2176K, reserved 1048576K
}
Event: 596.890 GC heap before
{Heap before GC invocations=2716 (full 4):
 garbage-first heap   total 391168K, used 322947K [0x00000000c0000000, 0x0000000100000000)
  region size 1024K, 229 young (234496K), 1 survivors (1024K)
 Metaspace       used 11417K, capacity 13050K, committed 13440K, reserved 1060864K
  class space    used 1735K, capacity 2069K, committed 2176K, reserved 1048576K
}
Event: 596.891 GC heap after
{Heap after GC invocations=2717 (full 4):
 garbage-first heap   total 391168K, used 89463K [0x00000000c0000000, 0x0000000100000000)
  region size 1024K, 1 young (1024K), 1 survivors (1024K)
 Metaspace       used 11417K, capacity 13050K, committed 13440K, reserved 1060864K
  class space    used 1735K, capacity 2069K, committed 2176K, reserved 1048576K
}
Event: 597.155 GC heap before
{Heap before GC invocations=2717 (full 4):
 garbage-first heap   total 391168K, used 322935K [0x00000000c0000000, 0x0000000100000000)
  region size 1024K, 229 young (234496K), 1 survivors (1024K)
 Metaspace       used 11417K, capacity 13050K, committed 13440K, reserved 1060864K
  class space    used 1735K, capacity 2069K, committed 2176K, reserved 1048576K
}
Event: 597.156 GC heap after
{Heap after GC invocations=2718 (full 4):
 garbage-first heap   total 391168K, used 89461K [0x00000000c0000000, 0x0000000100000000)
  region size 1024K, 1 young (1024K), 1 survivors (1024K)
 Metaspace       used 11417K, capacity 13050K, committed 13440K, reserved 1060864K
  class space    used 1735K, capacity 2069K, committed 2176K, reserved 1048576K
}
Event: 597.416 GC heap before
{Heap before GC invocations=2718 (full 4):
 garbage-first heap   total 391168K, used 322933K [0x00000000c0000000, 0x0000000100000000)
  region size 1024K, 229 young (234496K), 1 survivors (1024K)
 Metaspace       used 11417K, capacity 13050K, committed 13440K, reserved 1060864K
  class space    used 1735K, capacity 2069K, committed 2176K, reserved 1048576K
}
Event: 597.417 GC heap after
{Heap after GC invocations=2719 (full 4):
 garbage-first heap   total 391168K, used 89461K [0x00000000c0000000, 0x0000000100000000)
  region size 1024K, 1 young (1024K), 1 survivors (1024K)
 Metaspace       used 11417K, capacity 13050K, committed 13440K, reserved 1060864K
  class space    used 1735K, capacity 2069K, committed 2176K, reserved 1048576K
}
Event: 597.673 GC heap before
{Heap before GC invocations=2719 (full 4):
 garbage-first heap   total 391168K, used 322933K [0x00000000c0000000, 0x0000000100000000)
  region size 1024K, 229 young (234496K), 1 survivors (1024K)
 Metaspace       used 11417K, capacity 13050K, committed 13440K, reserved 1060864K
  class space    used 1735K, capacity 2069K, committed 2176K, reserved 1048576K
}
Event: 597.674 GC heap after
{Heap after GC invocations=2720 (full 4):
 garbage-first heap   total 391168K, used 89465K [0x00000000c0000000, 0x0000000100000000)
  region size 1024K, 1 young (1024K), 1 survivors (1024K)
 Metaspace       used 11417K, capacity 13050K, committed 13440K, reserved 1060864K
  class space    used 1735K, capacity 2069K, committed 2176K, reserved 1048576K
}
Event: 597.932 GC heap before
{Heap before GC invocations=2720 (full 4):
 garbage-first heap   total 391168K, used 322937K [0x00000000c0000000, 0x0000000100000000)
  region size 1024K, 229 young (234496K), 1 survivors (1024K)
 Metaspace       used 11417K, capacity 13050K, committed 13440K, reserved 1060864K
  class space    used 1735K, capacity 2069K, committed 2176K, reserved 1048576K
}
Event: 597.934 GC heap after
{Heap after GC invocations=2721 (full 4):
 garbage-first heap   total 391168K, used 89467K [0x00000000c0000000, 0x0000000100000000)
  region size 1024K, 1 young (1024K), 1 survivors (1024K)
 Metaspace       used 11417K, capacity 13050K, committed 13440K, reserved 1060864K
  class space    used 1735K, capacity 2069K, committed 2176K, reserved 1048576K
}
Event: 598.197 GC heap before
{Heap before GC invocations=2721 (full 4):
 garbage-first heap   total 391168K, used 322939K [0x00000000c0000000, 0x0000000100000000)
  region size 1024K, 229 young (234496K), 1 survivors (1024K)
 Metaspace       used 11417K, capacity 13050K, committed 13440K, reserved 1060864K
  class space    used 1735K, capacity 2069K, committed 2176K, reserved 1048576K
}
Event: 598.198 GC heap after
{Heap after GC invocations=2722 (full 4):
 garbage-first heap   total 391168K, used 89463K [0x00000000c0000000, 0x0000000100000000)
  region size 1024K, 1 young (1024K), 1 survivors (1024K)
 Metaspace       used 11417K, capacity 13050K, committed 13440K, reserved 1060864K
  class space    used 1735K, capacity 2069K, committed 2176K, reserved 1048576K
}
Event: 598.456 GC heap before
{Heap before GC invocations=2722 (full 4):
 garbage-first heap   total 391168K, used 322935K [0x00000000c0000000, 0x0000000100000000)
  region size 1024K, 229 young (234496K), 1 survivors (1024K)
 Metaspace       used 11417K, capacity 13050K, committed 13440K, reserved 1060864K
  class space    used 1735K, capacity 2069K, committed 2176K, reserved 1048576K
}
Event: 598.457 GC heap after
{Heap after GC invocations=2723 (full 4):
 garbage-first heap   total 391168K, used 89473K [0x00000000c0000000, 0x0000000100000000)
  region size 1024K, 1 young (1024K), 1 survivors (1024K)
 Metaspace       used 11417K, capacity 13050K, committed 13440K, reserved 1060864K
  class space    used 1735K, capacity 2069K, committed 2176K, reserved 1048576K
}
Event: 598.717 GC heap before
{Heap before GC invocations=2723 (full 4):
 garbage-first heap   total 391168K, used 322945K [0x00000000c0000000, 0x0000000100000000)
  region size 1024K, 229 young (234496K), 1 survivors (1024K)
 Metaspace       used 11417K, capacity 13050K, committed 13440K, reserved 1060864K
  class space    used 1735K, capacity 2069K, committed 2176K, reserved 1048576K
}
Event: 598.718 GC heap after
{Heap after GC invocations=2724 (full 4):
 garbage-first heap   total 391168K, used 89485K [0x00000000c0000000, 0x0000000100000000)
  region size 1024K, 1 young (1024K), 1 survivors (1024K)
 Metaspace       used 11417K, capacity 13050K, committed 13440K, reserved 1060864K
  class space    used 1735K, capacity 2069K, committed 2176K, reserved 1048576K
}
Event: 6982.565 GC heap before
{Heap before GC invocations=2724 (full 4):
 garbage-first heap   total 391168K, used 147853K [0x00000000c0000000, 0x0000000100000000)
  region size 1024K, 59 young (60416K), 1 survivors (1024K)
 Metaspace       used 11418K, capacity 13050K, committed 13440K, reserved 1060864K
  class space    used 1735K, capacity 2069K, committed 2176K, reserved 1048576K
}
Event: 6982.776 GC heap after
{Heap after GC invocations=2725 (full 5):
 garbage-first heap   total 283648K, used 79438K [0x00000000c0000000, 0x0000000100000000)
  region size 1024K, 0 young (0K), 0 survivors (0K)
 Metaspace       used 11418K, capacity 13050K, committed 13440K, reserved 1060864K
  class space    used 1735K, capacity 2069K, committed 2176K, reserved 1048576K
}

