# JRE version: OpenJDK Runtime Environment (11.0.29+7) (build 11.0.29+7-post-Ubuntu-1ubuntu124.04)
# Java VM: OpenJDK 64-Bit Server VM (11.0.29+7-post-Ubuntu-1ubuntu124.04, mixed mode, sharing, tiered, compressed oops, g1 gc, linux-amd64)
Heap:
 garbage-first heap   total 410624K, used 207147K [0x00000000c0000000, 0x0000000100000000)
  region size 1024K, 127 young (130048K), 1 survivors (1024K)
 Metaspace       used 11295K, capacity 12823K, committed 13184K, reserved 1060864K
  class space    used 1706K, capacity 2012K, committed 2176K, reserved 1048576K
GC Heap History (20 events):
Event: 9984.466 GC heap before
{Heap before GC invocations=458 (full 6):
 garbage-first heap   total 410624K, used 323867K [0x00000000c0000000, 0x0000000100000000)
  region size 1024K, 240 young (245760K), 1 survivors (1024K)
 Metaspace       used 11284K, capacity 12823K, committed 13184K, reserved 1060864K
  class space    used 1705K, capacity 2012K, committed 2176K, reserved 1048576K
}
Event: 9984.467 GC heap after
{Heap after GC invocations=459 (full 6):
 garbage-first heap   total 410624K, used 79125K [0x00000000c0000000, 0x0000000100000000)
  region size 1024K, 1 young (1024K), 1 survivors (1024K)
 Metaspace       used 11284K, capacity 12823K, committed 13184K, reserved 1060864K
  class space    used 1705K, capacity 2012K, committed 2176K, reserved 1048576K
}
Event: 9984.807 GC heap before
{Heap before GC invocations=459 (full 6):
 garbage-first heap   total 410624K, used 323861K [0x00000000c0000000, 0x0000000100000000)
  region size 1024K, 240 young (245760K), 1 survivors (1024K)
 Metaspace       used 11284K, capacity 12823K, committed 13184K, reserved 1060864K
  class space    used 1705K, capacity 2012K, committed 2176K, reserved 1048576K
}
Event: 9984.807 GC heap after
{Heap after GC invocations=460 (full 6):
 garbage-first heap   total 410624K, used 79133K [0x00000000c0000000, 0x0000000100000000)
  region size 1024K, 1 young (1024K), 1 survivors (1024K)
 Metaspace       used 11284K, capacity 12823K, committed 13184K, reserved 1060864K
  class space    used 1705K, capacity 2012K, committed 2176K, reserved 1048576K
}
Event: 9985.148 GC heap before
{Heap before GC invocations=460 (full 6):
 garbage-first heap   total 410624K, used 323869K [0x00000000c0000000, 0x0000000100000000)
  region size 1024K, 240 young (245760K), 1 survivors (1024K)
 Metaspace       used 11284K, capacity 12823K, committed 13184K, reserved 1060864K
  class space    used 1705K, capacity 2012K, committed 2176K, reserved 1048576K
}
Event: 9985.150 GC heap after
{Heap after GC invocations=461 (full 6):
 garbage-first heap   total 410624K, used 79135K [0x00000000c0000000, 0x0000000100000000)
  region size 1024K, 1 young (1024K), 1 survivors (1024K)
 Metaspace       used 11284K, capacity 12823K, committed 13184K, reserved 1060864K
  class space    used 1705K, capacity 2012K, committed 2176K, reserved 1048576K
}
Event: 9985.475 GC heap before
{Heap before GC invocations=461 (full 6):
 garbage-first heap   total 410624K, used 323871K [0x00000000c0000000, 0x0000000100000000)
  region size 1024K, 240 young (245760K), 1 survivors (1024K)
 Metaspace       used 11284K, capacity 12823K, committed 13184K, reserved 1060864K
  class space    used 1705K, capacity 2012K, committed 2176K, reserved 1048576K
}
Event: 9985.476 GC heap after
{Heap after GC invocations=462 (full 6):
 garbage-first heap   total 410624K, used 79137K [0x00000000c0000000, 0x0000000100000000)
  region size 1024K, 1 young (1024K), 1 survivors (1024K)
 Metaspace       used 11284K, capacity 12823K, committed 13184K, reserved 1060864K
  class space    used 1705K, capacity 2012K, committed 2176K, reserved 1048576K
}
Event: 9985.807 GC heap before
{Heap before GC invocations=462 (full 6):
 garbage-first heap   total 410624K, used 323873K [0x00000000c0000000, 0x0000000100000000)
  region size 1024K, 240 young (245760K), 1 survivors (1024K)
 Metaspace       used 11284K, capacity 12823K, committed 13184K, reserved 1060864K
  class space    used 1705K, capacity 2012K, committed 2176K, reserved 1048576K
}
Event: 9985.808 GC heap after
{Heap after GC invocations=463 (full 6):
 garbage-first heap   total 410624K, used 79137K [0x00000000c0000000, 0x0000000100000000)
  region size 1024K, 1 young (1024K), 1 survivors (1024K)
 Metaspace       used 11284K, capacity 12823K, committed 13184K, reserved 1060864K
  class space    used 1705K, capacity 2012K, committed 2176K, reserved 1048576K
}
Event: 9986.119 GC heap before
{Heap before GC invocations=463 (full 6):
 garbage-first heap   total 410624K, used 323873K [0x00000000c0000000, 0x0000000100000000)
  region size 1024K, 240 young (245760K), 1 survivors (1024K)
 Metaspace       used 11284K, capacity 12823K, committed 13184K, reserved 1060864K
  class space    used 1705K, capacity 2012K, committed 2176K, reserved 1048576K
}
Event: 9986.120 GC heap after
{Heap after GC invocations=464 (full 6):
 garbage-first heap   total 410624K, used 79131K [0x00000000c0000000, 0x0000000100000000)
  region size 1024K, 1 young (1024K), 1 survivors (1024K)
 Metaspace       used 11284K, capacity 12823K, committed 13184K, reserved 1060864K
  class space    used 1705K, capacity 2012K, committed 2176K, reserved 1048576K
}
Event: 9986.448 GC heap before
{Heap before GC invocations=464 (full 6):
 garbage-first heap   total 410624K, used 323867K [0x00000000c0000000, 0x0000000100000000)
  region size 1024K, 240 young (245760K), 1 survivors (1024K)
 Metaspace       used 11284K, capacity 12823K, committed 13184K, reserved 1060864K
  class space    used 1705K, capacity 2012K, committed 2176K, reserved 1048576K
}
Event: 9986.449 GC heap after
{Heap after GC invocations=465 (full 6):
 garbage-first heap   total 410624K, used 79151K [0x00000000c0000000, 0x0000000100000000)
  region size 1024K, 1 young (1024K), 1 survivors (1024K)
 Metaspace       used 11284K, capacity 12823K, committed 13184K, reserved 1060864K
  class space    used 1705K, capacity 2012K, committed 2176K, reserved 1048576K
}
Event: 9986.781 GC heap before
{Heap before GC invocations=465 (full 6):
 garbage-first heap   total 410624K, used 323887K [0x00000000c0000000, 0x0000000100000000)
  region size 1024K, 240 young (245760K), 1 survivors (1024K)
 Metaspace       used 11284K, capacity 12823K, committed 13184K, reserved 1060864K
  class space    used 1705K, capacity 2012K, committed 2176K, reserved 1048576K
}
Event: 9986.782 GC heap after
{Heap after GC invocations=466 (full 6):
 garbage-first heap   total 410624K, used 79125K [0x00000000c0000000, 0x0000000100000000)
  region size 1024K, 1 young (1024K), 1 survivors (1024K)
 Metaspace       used 11284K, capacity 12823K, committed 13184K, reserved 1060864K
  class space    used 1705K, capacity 2012K, committed 2176K, reserved 1048576K
}
Event: 9987.109 GC heap before
{Heap before GC invocations=466 (full 6):
 garbage-first heap   total 410624K, used 323861K [0x00000000c0000000, 0x0000000100000000)
  region size 1024K, 240 young (245760K), 1 survivors (1024K)
 Metaspace       used 11284K, capacity 12823K, committed 13184K, reserved 1060864K
  class space    used 1705K, capacity 2012K, committed 2176K, reserved 1048576K
}
Event: 9987.119 GC heap after
{Heap after GC invocations=467 (full 6):
 garbage-first heap   total 410624K, used 79135K [0x00000000c0000000, 0x0000000100000000)
  region size 1024K, 1 young (1024K), 1 survivors (1024K)
 Metaspace       used 11284K, capacity 12823K, committed 13184K, reserved 1060864K
  class space    used 1705K, capacity 2012K, committed 2176K, reserved 1048576K
}
Event: 9987.441 GC heap before
{Heap before GC invocations=467 (full 6):
 garbage-first heap   total 410624K, used 323871K [0x00000000c0000000, 0x0000000100000000)
  region size 1024K, 240 young (245760K), 1 survivors (1024K)
 Metaspace       used 11284K, capacity 12823K, committed 13184K, reserved 1060864K
  class space    used 1705K, capacity 2012K, committed 2176K, reserved 1048576K
}
Event: 9987.442 GC heap after
{Heap after GC invocations=468 (full 6):
 garbage-first heap   total 410624K, used 79147K [0x00000000c0000000, 0x0000000100000000)
  region size 1024K, 1 young (1024K), 1 survivors (1024K)
 Metaspace       used 11284K, capacity 12823K, committed 13184K, reserved 1060864K
  class space    used 1705K, capacity 2012K, committed 2176K, reserved 1048576K
}

